# JRE version: Java(TM) SE Runtime Environment (8.0_25-b17) (build 1.8.0_25-b17)
# Java VM: Java HotSpot(TM) 64-Bit Server VM (25.25-b02 mixed mode linux-amd64 compressed oops)
Heap:
 PSYoungGen      total 261120K, used 7072K [0x00000000d6f00000, 0x00000000e7700000, 0x0000000100000000)
  eden space 252928K, 0% used [0x00000000d6f00000,0x00000000d6f00000,0x00000000e6600000)
  from space 8192K, 86% used [0x00000000e6600000,0x00000000e6ce8020,0x00000000e6e00000)
  to   space 7168K, 0% used [0x00000000e6e00000,0x00000000e6e00000,0x00000000e7500000)
 ParOldGen       total 84992K, used 5730K [0x0000000084c00000, 0x0000000089f00000, 0x00000000d6f00000)
  object space 84992K, 6% used [0x0000000084c00000,0x0000000085198800,0x0000000089f00000)
 Metaspace       used 15718K, capacity 17747K, committed 17920K, reserved 1062912K
  class space    used 3595K, capacity 4329K, committed 4352K, reserved 1048576K
GC Heap History (10 events):
Event: 5,236 GC heap after
Heap after GC invocations=2 (full 0):
 PSYoungGen      total 68608K, used 4666K [0x00000000d6f00000, 0x00000000db700000, 0x0000000100000000)
  eden space 63488K, 0% used [0x00000000d6f00000,0x00000000d6f00000,0x00000000dad00000)
  from space 5120K, 91% used [0x00000000db200000,0x00000000db68e938,0x00000000db700000)
  to   space 5120K, 0% used [0x00000000dad00000,0x00000000dad00000,0x00000000db200000)
 ParOldGen       total 84992K, used 16K [0x0000000084c00000, 0x0000000089f00000, 0x00000000d6f00000)
  object space 84992K, 0% used [0x0000000084c00000,0x0000000084c04000,0x0000000089f00000)
 Metaspace       used 10702K, capacity 11161K, committed 11392K, reserved 1058816K
  class space    used 2084K, capacity 2120K, committed 2176K, reserved 1048576K
}
Event: 8,578 GC heap before
{Heap before GC invocations=3 (full 0):
 PSYoungGen      total 68608K, used 68154K [0x00000000d6f00000, 0x00000000db700000, 0x0000000100000000)
  eden space 63488K, 100% used [0x00000000d6f00000,0x00000000dad00000,0x00000000dad00000)
  from space 5120K, 91% used [0x00000000db200000,0x00000000db68e938,0x00000000db700000)
  to   space 5120K, 0% used [0x00000000dad00000,0x00000000dad00000,0x00000000db200000)
 ParOldGen       total 84992K, used 16K [0x0000000084c00000, 0x0000000089f00000, 0x00000000d6f00000)
  object space 84992K, 0% used [0x0000000084c00000,0x0000000084c04000,0x0000000089f00000)
 Metaspace       used 12186K, capacity 13285K, committed 13440K, reserved 1060864K
  class space    used 2577K, capacity 2888K, committed 2944K, reserved 1048576K
Event: 8,668 GC heap after
Heap after GC invocations=3 (full 0):
 PSYoungGen      total 68608K, used 4704K [0x00000000d6f00000, 0x00000000df500000, 0x0000000100000000)
  eden space 63488K, 0% used [0x00000000d6f00000,0x00000000d6f00000,0x00000000dad00000)
  from space 5120K, 91% used [0x00000000dad00000,0x00000000db198288,0x00000000db200000)
  to   space 5120K, 0% used [0x00000000df000000,0x00000000df000000,0x00000000df500000)
 ParOldGen       total 84992K, used 24K [0x0000000084c00000, 0x0000000089f00000, 0x00000000d6f00000)
  object space 84992K, 0% used [0x0000000084c00000,0x0000000084c06000,0x0000000089f00000)
 Metaspace       used 12186K, capacity 13285K, committed 13440K, reserved 1060864K
  class space    used 2577K, capacity 2888K, committed 2944K, reserved 1048576K
}
Event: 10,034 GC heap before
{Heap before GC invocations=4 (full 0):
 PSYoungGen      total 68608K, used 68192K [0x00000000d6f00000, 0x00000000df500000, 0x0000000100000000)
  eden space 63488K, 100% used [0x00000000d6f00000,0x00000000dad00000,0x00000000dad00000)
  from space 5120K, 91% used [0x00000000dad00000,0x00000000db198288,0x00000000db200000)
  to   space 5120K, 0% used [0x00000000df000000,0x00000000df000000,0x00000000df500000)
 ParOldGen       total 84992K, used 24K [0x0000000084c00000, 0x0000000089f00000, 0x00000000d6f00000)
  object space 84992K, 0% used [0x0000000084c00000,0x0000000084c06000,0x0000000089f00000)
 Metaspace       used 15057K, capacity 16567K, committed 16768K, reserved 1062912K
  class space    used 3350K, capacity 3879K, committed 3968K, reserved 1048576K
Event: 10,047 GC heap after
Heap after GC invocations=4 (full 0):
 PSYoungGen      total 132096K, used 5088K [0x00000000d6f00000, 0x00000000df500000, 0x0000000100000000)
  eden space 126976K, 0% used [0x00000000d6f00000,0x00000000d6f00000,0x00000000deb00000)
  from space 5120K, 99% used [0x00000000df000000,0x00000000df4f8040,0x00000000df500000)
  to   space 5120K, 0% used [0x00000000deb00000,0x00000000deb00000,0x00000000df000000)
 ParOldGen       total 84992K, used 1699K [0x0000000084c00000, 0x0000000089f00000, 0x00000000d6f00000)
  object space 84992K, 2% used [0x0000000084c00000,0x0000000084da8fd8,0x0000000089f00000)
 Metaspace       used 15057K, capacity 16567K, committed 16768K, reserved 1062912K
  class space    used 3350K, capacity 3879K, committed 3968K, reserved 1048576K
}
Event: 10,318 GC heap before
{Heap before GC invocations=5 (full 0):
 PSYoungGen      total 132096K, used 132064K [0x00000000d6f00000, 0x00000000df500000, 0x0000000100000000)
  eden space 126976K, 100% used [0x00000000d6f00000,0x00000000deb00000,0x00000000deb00000)
  from space 5120K, 99% used [0x00000000df000000,0x00000000df4f8040,0x00000000df500000)
  to   space 5120K, 0% used [0x00000000deb00000,0x00000000deb00000,0x00000000df000000)
 ParOldGen       total 84992K, used 1699K [0x0000000084c00000, 0x0000000089f00000, 0x00000000d6f00000)
  object space 84992K, 2% used [0x0000000084c00000,0x0000000084da8fd8,0x0000000089f00000)
 Metaspace       used 15379K, capacity 17011K, committed 17152K, reserved 1062912K
  class space    used 3467K, capacity 4061K, committed 4096K, reserved 1048576K
Event: 10,363 GC heap after
Heap after GC invocations=5 (full 0):
 PSYoungGen      total 132096K, used 5088K [0x00000000d6f00000, 0x00000000e7500000, 0x0000000100000000)
  eden space 126976K, 0% used [0x00000000d6f00000,0x00000000d6f00000,0x00000000deb00000)
  from space 5120K, 99% used [0x00000000deb00000,0x00000000deff8020,0x00000000df000000)
  to   space 7168K, 0% used [0x00000000e6e00000,0x00000000e6e00000,0x00000000e7500000)
 ParOldGen       total 84992K, used 3241K [0x0000000084c00000, 0x0000000089f00000, 0x00000000d6f00000)
  object space 84992K, 3% used [0x0000000084c00000,0x0000000084f2a750,0x0000000089f00000)
 Metaspace       used 15379K, capacity 17011K, committed 17152K, reserved 1062912K
  class space    used 3467K, capacity 4061K, committed 4096K, reserved 1048576K
}
Event: 10,515 GC heap before
{Heap before GC invocations=6 (full 0):
 PSYoungGen      total 132096K, used 132064K [0x00000000d6f00000, 0x00000000e7500000, 0x0000000100000000)
  eden space 126976K, 100% used [0x00000000d6f00000,0x00000000deb00000,0x00000000deb00000)
  from space 5120K, 99% used [0x00000000deb00000,0x00000000deff8020,0x00000000df000000)
  to   space 7168K, 0% used [0x00000000e6e00000,0x00000000e6e00000,0x00000000e7500000)
 ParOldGen       total 84992K, used 3241K [0x0000000084c00000, 0x0000000089f00000, 0x00000000d6f00000)
  object space 84992K, 3% used [0x0000000084c00000,0x0000000084f2a750,0x0000000089f00000)
 Metaspace       used 15564K, capacity 17321K, committed 17536K, reserved 1062912K
  class space    used 3532K, capacity 4143K, committed 4224K, reserved 1048576K
Event: 10,543 GC heap after
Heap after GC invocations=6 (full 0):
 PSYoungGen      total 260096K, used 6960K [0x00000000d6f00000, 0x00000000e7700000, 0x0000000100000000)
  eden space 252928K, 0% used [0x00000000d6f00000,0x00000000d6f00000,0x00000000e6600000)
  from space 7168K, 97% used [0x00000000e6e00000,0x00000000e74cc010,0x00000000e7500000)
  to   space 8192K, 0% used [0x00000000e6600000,0x00000000e6600000,0x00000000e6e00000)
 ParOldGen       total 84992K, used 3249K [0x0000000084c00000, 0x0000000089f00000, 0x00000000d6f00000)
  object space 84992K, 3% used [0x0000000084c00000,0x0000000084f2c750,0x0000000089f00000)
 Metaspace       used 15564K, capacity 17321K, committed 17536K, reserved 1062912K
  class space    used 3532K, capacity 4143K, committed 4224K, reserved 1048576K
}
Event: 10,887 GC heap before
{Heap before GC invocations=7 (full 0):
 PSYoungGen      total 260096K, used 259888K [0x00000000d6f00000, 0x00000000e7700000, 0x0000000100000000)
  eden space 252928K, 100% used [0x00000000d6f00000,0x00000000e6600000,0x00000000e6600000)
  from space 7168K, 97% used [0x00000000e6e00000,0x00000000e74cc010,0x00000000e7500000)
  to   space 8192K, 0% used [0x00000000e6600000,0x00000000e6600000,0x00000000e6e00000)
 ParOldGen       total 84992K, used 3249K [0x0000000084c00000, 0x0000000089f00000, 0x00000000d6f00000)
  object space 84992K, 3% used [0x0000000084c00000,0x0000000084f2c750,0x0000000089f00000)
 Metaspace       used 15718K, capacity 17747K, committed 17920K, reserved 1062912K
  class space    used 3595K, capacity 4329K, committed 4352K, reserved 1048576K

